[debug] [2022-02-28T17:47:59.832Z] ----------------------------------------------------------------------
[debug] [2022-02-28T17:47:59.833Z] Command:       /home/finn/.nvm/versions/node/v14.19.0/bin/node /home/finn/.nvm/versions/node/v14.19.0/bin/firebase serve
[debug] [2022-02-28T17:47:59.833Z] CLI Version:   10.2.1
[debug] [2022-02-28T17:47:59.833Z] Platform:      linux
[debug] [2022-02-28T17:47:59.833Z] Node Version:  v14.19.0
[debug] [2022-02-28T17:47:59.833Z] Time:          Mon Feb 28 2022 14:47:59 GMT-0300 (Brasilia Standard Time)
[debug] [2022-02-28T17:47:59.833Z] ----------------------------------------------------------------------
[debug] 
[warn] ⚠  JSON error trying to load /home/finn/profile/.firebaserc 
[debug] [2022-02-28T17:47:59.867Z] > command requires scopes: ["email","openid","https://www.googleapis.com/auth/cloudplatformprojects.readonly","https://www.googleapis.com/auth/firebase","https://www.googleapis.com/auth/cloud-platform"]
[debug] [2022-02-28T17:47:59.868Z] > authorizing via signed-in user (eduardomoro1127@gmail.com)
[debug] [2022-02-28T17:47:59.868Z] [iam] checking project prod for permissions ["firebase.projects.get"]
[debug] [2022-02-28T17:47:59.869Z] >>> [apiv2][query] POST https://cloudresourcemanager.googleapis.com/v1/projects/prod:testIamPermissions [none]
[debug] [2022-02-28T17:47:59.869Z] >>> [apiv2][body] POST https://cloudresourcemanager.googleapis.com/v1/projects/prod:testIamPermissions {"permissions":["firebase.projects.get"]}
[debug] [2022-02-28T17:48:00.821Z] <<< [apiv2][status] POST https://cloudresourcemanager.googleapis.com/v1/projects/prod:testIamPermissions 200
[debug] [2022-02-28T17:48:00.821Z] <<< [apiv2][body] POST https://cloudresourcemanager.googleapis.com/v1/projects/prod:testIamPermissions {}
[debug] [2022-02-28T17:48:00.821Z] [iam] error while checking permissions, command may fail: FirebaseError: Authorization failed. This account is missing the following required permissions on project prod:

  firebase.projects.get
[debug] [2022-02-28T17:48:00.822Z] >>> [apiv2][query] GET https://firebase.googleapis.com/v1beta1/projects/prod [none]
[debug] [2022-02-28T17:48:01.373Z] <<< [apiv2][status] GET https://firebase.googleapis.com/v1beta1/projects/prod 403
[debug] [2022-02-28T17:48:01.374Z] <<< [apiv2][body] GET https://firebase.googleapis.com/v1beta1/projects/prod {"error":{"code":403,"message":"The caller does not have permission","status":"PERMISSION_DENIED"}}
[debug] [2022-02-28T17:48:01.374Z] HTTP Error: 403, The caller does not have permission
[debug] [2022-02-28T17:48:01.519Z] FirebaseError: HTTP Error: 403, The caller does not have permission
    at module.exports (/home/finn/.nvm/versions/node/v14.19.0/lib/node_modules/firebase-tools/lib/responseToError.js:47:12)
    at RetryOperation._fn (/home/finn/.nvm/versions/node/v14.19.0/lib/node_modules/firebase-tools/lib/apiv2.js:286:39)
    at processTicksAndRejections (internal/process/task_queues.js:95:5)
[error] 
[error] Error: Failed to get Firebase project prod. Please make sure the project exists and your account has permission to access it.
